2025-03-31 10:33:24,564 - DEBUG - logger.py:31 - Initialize FovSimController setting data...
2025-03-31 10:33:24,567 - DEBUG - logger.py:31 - Initialize FovSimController setting data successed!
2025-03-31 10:33:24,567 - DEBUG - logger.py:31 - Initialize FovSimController setting data successed!
2025-03-31 10:33:24,567 - DEBUG - logger.py:31 - Initialize FovSimController setting data successed!
2025-03-31 10:35:26,577 - DEBUG - logger.py:31 - Initialize FovSimController setting data...
2025-03-31 10:35:26,579 - DEBUG - logger.py:31 - Initialize FovSimController setting data successed!
2025-03-31 10:35:26,579 - DEBUG - logger.py:31 - Initialize FovSimController setting data successed!
2025-03-31 10:35:26,579 - DEBUG - logger.py:31 - Initialize FovSimController setting data successed!
2025-03-31 10:38:54,050 - DEBUG - logger.py:31 - Initialize FOVSim window gui...
2025-03-31 10:38:54,054 - DEBUG - logger.py:31 - Initialize FOVSim window gui successed!
2025-03-31 10:38:54,054 - DEBUG - logger.py:31 - Initialize FOVSim window gui successed!
2025-03-31 10:38:54,058 - DEBUG - logger.py:31 - Initialize FovSimController setting data...
2025-03-31 10:38:54,058 - DEBUG - logger.py:31 - Initialize FovSimController setting data...
2025-03-31 10:38:54,058 - DEBUG - logger.py:31 - Initialize FovSimController setting data...
2025-03-31 10:38:54,067 - DEBUG - logger.py:31 - Initialize FovSimController setting data successed!
2025-03-31 10:38:54,067 - DEBUG - logger.py:31 - Initialize FovSimController setting data successed!
2025-03-31 10:38:54,067 - DEBUG - logger.py:31 - Initialize FovSimController setting data successed!
2025-03-31 10:38:54,067 - DEBUG - logger.py:31 - Initialize FovSimController setting data successed!
2025-03-31 10:38:54,067 - DEBUG - logger.py:31 - Initialize FovSimController setting data successed!
2025-03-31 10:39:32,623 - DEBUG - logger.py:31 - Closing FOVSim window...
2025-03-31 10:39:32,623 - DEBUG - logger.py:31 - Closing FOVSim window...
2025-03-31 10:39:32,623 - DEBUG - logger.py:31 - Closing FOVSim window...
2025-03-31 10:39:32,623 - DEBUG - logger.py:31 - Closing FOVSim window...
2025-03-31 10:39:32,623 - DEBUG - logger.py:31 - Closing FOVSim window...
2025-03-31 10:39:32,623 - DEBUG - logger.py:31 - Closing FOVSim window...
2025-03-31 10:39:32,714 - INFO - logger.py:34 - FOVSim window closed!
2025-03-31 10:39:32,714 - INFO - logger.py:34 - FOVSim window closed!
2025-03-31 10:39:32,714 - INFO - logger.py:34 - FOVSim window closed!
2025-03-31 10:39:32,714 - INFO - logger.py:34 - FOVSim window closed!
2025-03-31 10:39:32,714 - INFO - logger.py:34 - FOVSim window closed!
2025-03-31 10:39:32,714 - INFO - logger.py:34 - FOVSim window closed!
2025-03-31 10:39:32,714 - INFO - logger.py:34 - FOVSim window closed!
2025-03-31 10:40:38,694 - DEBUG - logger.py:31 - Initialize FOVSim window gui...
2025-03-31 10:40:49,682 - DEBUG - logger.py:31 - Initialize FOVSim window gui successed!
2025-03-31 10:40:49,682 - DEBUG - logger.py:31 - Initialize FOVSim window gui successed!
2025-03-31 10:41:01,886 - DEBUG - logger.py:31 - Initialize FOVSim window gui...
2025-03-31 10:41:46,946 - DEBUG - logger.py:31 - Initialize FOVSim window gui successed!
2025-03-31 10:41:46,946 - DEBUG - logger.py:31 - Initialize FOVSim window gui successed!
2025-03-31 10:41:54,463 - DEBUG - logger.py:31 - Initialize FovSimController setting data...
2025-03-31 10:41:54,463 - DEBUG - logger.py:31 - Initialize FovSimController setting data...
2025-03-31 10:41:54,463 - DEBUG - logger.py:31 - Initialize FovSimController setting data...
2025-03-31 10:41:54,467 - DEBUG - logger.py:31 - Initialize FovSimController setting data successed!
2025-03-31 10:41:54,467 - DEBUG - logger.py:31 - Initialize FovSimController setting data successed!
2025-03-31 10:41:54,467 - DEBUG - logger.py:31 - Initialize FovSimController setting data successed!
2025-03-31 10:41:54,467 - DEBUG - logger.py:31 - Initialize FovSimController setting data successed!
2025-03-31 10:41:54,467 - DEBUG - logger.py:31 - Initialize FovSimController setting data successed!
2025-03-31 10:43:32,753 - DEBUG - logger.py:31 - Initialize FOVSim window gui...
2025-03-31 10:43:32,757 - DEBUG - logger.py:31 - Initialize FOVSim window gui successed!
2025-03-31 10:43:32,757 - DEBUG - logger.py:31 - Initialize FOVSim window gui successed!
2025-03-31 10:43:32,760 - DEBUG - logger.py:31 - Initialize FovSimController setting data...
2025-03-31 10:43:32,760 - DEBUG - logger.py:31 - Initialize FovSimController setting data...
2025-03-31 10:43:32,760 - DEBUG - logger.py:31 - Initialize FovSimController setting data...
2025-03-31 10:43:32,766 - DEBUG - logger.py:31 - Initialize FovSimController setting data successed!
2025-03-31 10:43:32,766 - DEBUG - logger.py:31 - Initialize FovSimController setting data successed!
2025-03-31 10:43:32,766 - DEBUG - logger.py:31 - Initialize FovSimController setting data successed!
2025-03-31 10:43:32,766 - DEBUG - logger.py:31 - Initialize FovSimController setting data successed!
2025-03-31 10:43:32,766 - DEBUG - logger.py:31 - Initialize FovSimController setting data successed!
2025-03-31 10:43:34,985 - DEBUG - logger.py:31 - Closing FOVSim window...
2025-03-31 10:43:34,985 - DEBUG - logger.py:31 - Closing FOVSim window...
2025-03-31 10:43:34,985 - DEBUG - logger.py:31 - Closing FOVSim window...
2025-03-31 10:43:34,985 - DEBUG - logger.py:31 - Closing FOVSim window...
2025-03-31 10:43:34,985 - DEBUG - logger.py:31 - Closing FOVSim window...
2025-03-31 10:43:34,985 - DEBUG - logger.py:31 - Closing FOVSim window...
2025-03-31 10:43:35,079 - INFO - logger.py:34 - FOVSim window closed!
2025-03-31 10:43:35,079 - INFO - logger.py:34 - FOVSim window closed!
2025-03-31 10:43:35,079 - INFO - logger.py:34 - FOVSim window closed!
2025-03-31 10:43:35,079 - INFO - logger.py:34 - FOVSim window closed!
2025-03-31 10:43:35,079 - INFO - logger.py:34 - FOVSim window closed!
2025-03-31 10:43:35,079 - INFO - logger.py:34 - FOVSim window closed!
2025-03-31 10:43:35,079 - INFO - logger.py:34 - FOVSim window closed!
2025-03-31 10:43:37,272 - DEBUG - logger.py:31 - Initialize FOVSim window gui...
2025-03-31 10:43:37,272 - DEBUG - logger.py:31 - Initialize FOVSim window gui...
2025-03-31 10:43:37,272 - DEBUG - logger.py:31 - Initialize FOVSim window gui...
2025-03-31 10:43:37,272 - DEBUG - logger.py:31 - Initialize FOVSim window gui...
2025-03-31 10:43:37,272 - DEBUG - logger.py:31 - Initialize FOVSim window gui...
2025-03-31 10:43:37,272 - DEBUG - logger.py:31 - Initialize FOVSim window gui...
2025-03-31 10:43:37,272 - DEBUG - logger.py:31 - Initialize FOVSim window gui...
2025-03-31 10:43:37,272 - DEBUG - logger.py:31 - Initialize FOVSim window gui...
2025-03-31 10:43:37,280 - DEBUG - logger.py:31 - Initialize FOVSim window gui successed!
2025-03-31 10:43:37,280 - DEBUG - logger.py:31 - Initialize FOVSim window gui successed!
2025-03-31 10:43:37,280 - DEBUG - logger.py:31 - Initialize FOVSim window gui successed!
2025-03-31 10:43:37,280 - DEBUG - logger.py:31 - Initialize FOVSim window gui successed!
2025-03-31 10:43:37,280 - DEBUG - logger.py:31 - Initialize FOVSim window gui successed!
2025-03-31 10:43:37,280 - DEBUG - logger.py:31 - Initialize FOVSim window gui successed!
2025-03-31 10:43:37,280 - DEBUG - logger.py:31 - Initialize FOVSim window gui successed!
2025-03-31 10:43:37,280 - DEBUG - logger.py:31 - Initialize FOVSim window gui successed!
2025-03-31 10:43:37,280 - DEBUG - logger.py:31 - Initialize FOVSim window gui successed!
2025-03-31 10:43:37,293 - DEBUG - logger.py:31 - Initialize FovSimController setting data...
2025-03-31 10:43:37,293 - DEBUG - logger.py:31 - Initialize FovSimController setting data...
2025-03-31 10:43:37,293 - DEBUG - logger.py:31 - Initialize FovSimController setting data...
2025-03-31 10:43:37,293 - DEBUG - logger.py:31 - Initialize FovSimController setting data...
2025-03-31 10:43:37,293 - DEBUG - logger.py:31 - Initialize FovSimController setting data...
2025-03-31 10:43:37,293 - DEBUG - logger.py:31 - Initialize FovSimController setting data...
2025-03-31 10:43:37,293 - DEBUG - logger.py:31 - Initialize FovSimController setting data...
2025-03-31 10:43:37,293 - DEBUG - logger.py:31 - Initialize FovSimController setting data...
2025-03-31 10:43:37,293 - DEBUG - logger.py:31 - Initialize FovSimController setting data...
2025-03-31 10:43:37,293 - DEBUG - logger.py:31 - Initialize FovSimController setting data...
2025-03-31 10:43:37,347 - DEBUG - logger.py:31 - Initialize FovSimController setting data successed!
2025-03-31 10:43:37,347 - DEBUG - logger.py:31 - Initialize FovSimController setting data successed!
2025-03-31 10:43:37,347 - DEBUG - logger.py:31 - Initialize FovSimController setting data successed!
2025-03-31 10:43:37,347 - DEBUG - logger.py:31 - Initialize FovSimController setting data successed!
2025-03-31 10:43:37,347 - DEBUG - logger.py:31 - Initialize FovSimController setting data successed!
2025-03-31 10:43:37,347 - DEBUG - logger.py:31 - Initialize FovSimController setting data successed!
2025-03-31 10:43:37,347 - DEBUG - logger.py:31 - Initialize FovSimController setting data successed!
2025-03-31 10:43:37,347 - DEBUG - logger.py:31 - Initialize FovSimController setting data successed!
2025-03-31 10:43:37,347 - DEBUG - logger.py:31 - Initialize FovSimController setting data successed!
2025-03-31 10:43:37,347 - DEBUG - logger.py:31 - Initialize FovSimController setting data successed!
2025-03-31 10:43:37,347 - DEBUG - logger.py:31 - Initialize FovSimController setting data successed!
2025-03-31 10:43:37,347 - DEBUG - logger.py:31 - Initialize FovSimController setting data successed!
2025-03-31 10:43:39,043 - DEBUG - logger.py:31 - Closing FOVSim window...
2025-03-31 10:43:39,043 - DEBUG - logger.py:31 - Closing FOVSim window...
2025-03-31 10:43:39,043 - DEBUG - logger.py:31 - Closing FOVSim window...
2025-03-31 10:43:39,043 - DEBUG - logger.py:31 - Closing FOVSim window...
2025-03-31 10:43:39,043 - DEBUG - logger.py:31 - Closing FOVSim window...
2025-03-31 10:43:39,043 - DEBUG - logger.py:31 - Closing FOVSim window...
2025-03-31 10:43:39,043 - DEBUG - logger.py:31 - Closing FOVSim window...
2025-03-31 10:43:39,043 - DEBUG - logger.py:31 - Closing FOVSim window...
2025-03-31 10:43:39,043 - DEBUG - logger.py:31 - Closing FOVSim window...
2025-03-31 10:43:39,043 - DEBUG - logger.py:31 - Closing FOVSim window...
2025-03-31 10:43:39,043 - DEBUG - logger.py:31 - Closing FOVSim window...
2025-03-31 10:43:39,043 - DEBUG - logger.py:31 - Closing FOVSim window...
2025-03-31 10:43:39,043 - DEBUG - logger.py:31 - Closing FOVSim window...
2025-03-31 10:43:39,157 - INFO - logger.py:34 - FOVSim window closed!
2025-03-31 10:43:39,157 - INFO - logger.py:34 - FOVSim window closed!
2025-03-31 10:43:39,157 - INFO - logger.py:34 - FOVSim window closed!
2025-03-31 10:43:39,157 - INFO - logger.py:34 - FOVSim window closed!
2025-03-31 10:43:39,157 - INFO - logger.py:34 - FOVSim window closed!
2025-03-31 10:43:39,157 - INFO - logger.py:34 - FOVSim window closed!
2025-03-31 10:43:39,157 - INFO - logger.py:34 - FOVSim window closed!
2025-03-31 10:43:39,157 - INFO - logger.py:34 - FOVSim window closed!
2025-03-31 10:43:39,157 - INFO - logger.py:34 - FOVSim window closed!
2025-03-31 10:43:39,157 - INFO - logger.py:34 - FOVSim window closed!
2025-03-31 10:43:39,157 - INFO - logger.py:34 - FOVSim window closed!
2025-03-31 10:43:39,157 - INFO - logger.py:34 - FOVSim window closed!
2025-03-31 10:43:39,157 - INFO - logger.py:34 - FOVSim window closed!
2025-03-31 10:43:39,157 - INFO - logger.py:34 - FOVSim window closed!
2025-03-31 10:43:41,324 - DEBUG - logger.py:31 - Initialize FOVSim window gui...
2025-03-31 10:43:41,324 - DEBUG - logger.py:31 - Initialize FOVSim window gui...
2025-03-31 10:43:41,324 - DEBUG - logger.py:31 - Initialize FOVSim window gui...
2025-03-31 10:43:41,324 - DEBUG - logger.py:31 - Initialize FOVSim window gui...
2025-03-31 10:43:41,324 - DEBUG - logger.py:31 - Initialize FOVSim window gui...
2025-03-31 10:43:41,324 - DEBUG - logger.py:31 - Initialize FOVSim window gui...
2025-03-31 10:43:41,324 - DEBUG - logger.py:31 - Initialize FOVSim window gui...
2025-03-31 10:43:41,324 - DEBUG - logger.py:31 - Initialize FOVSim window gui...
2025-03-31 10:43:41,324 - DEBUG - logger.py:31 - Initialize FOVSim window gui...
2025-03-31 10:43:41,324 - DEBUG - logger.py:31 - Initialize FOVSim window gui...
2025-03-31 10:43:41,324 - DEBUG - logger.py:31 - Initialize FOVSim window gui...
2025-03-31 10:43:41,324 - DEBUG - logger.py:31 - Initialize FOVSim window gui...
2025-03-31 10:43:41,324 - DEBUG - logger.py:31 - Initialize FOVSim window gui...
2025-03-31 10:43:41,324 - DEBUG - logger.py:31 - Initialize FOVSim window gui...
2025-03-31 10:43:41,324 - DEBUG - logger.py:31 - Initialize FOVSim window gui...
2025-03-31 10:43:41,339 - DEBUG - logger.py:31 - Initialize FOVSim window gui successed!
2025-03-31 10:43:41,339 - DEBUG - logger.py:31 - Initialize FOVSim window gui successed!
2025-03-31 10:43:41,339 - DEBUG - logger.py:31 - Initialize FOVSim window gui successed!
2025-03-31 10:43:41,339 - DEBUG - logger.py:31 - Initialize FOVSim window gui successed!
2025-03-31 10:43:41,339 - DEBUG - logger.py:31 - Initialize FOVSim window gui successed!
2025-03-31 10:43:41,339 - DEBUG - logger.py:31 - Initialize FOVSim window gui successed!
2025-03-31 10:43:41,339 - DEBUG - logger.py:31 - Initialize FOVSim window gui successed!
2025-03-31 10:43:41,339 - DEBUG - logger.py:31 - Initialize FOVSim window gui successed!
2025-03-31 10:43:41,339 - DEBUG - logger.py:31 - Initialize FOVSim window gui successed!
2025-03-31 10:43:41,339 - DEBUG - logger.py:31 - Initialize FOVSim window gui successed!
2025-03-31 10:43:41,339 - DEBUG - logger.py:31 - Initialize FOVSim window gui successed!
2025-03-31 10:43:41,339 - DEBUG - logger.py:31 - Initialize FOVSim window gui successed!
2025-03-31 10:43:41,339 - DEBUG - logger.py:31 - Initialize FOVSim window gui successed!
2025-03-31 10:43:41,339 - DEBUG - logger.py:31 - Initialize FOVSim window gui successed!
2025-03-31 10:43:41,339 - DEBUG - logger.py:31 - Initialize FOVSim window gui successed!
2025-03-31 10:43:41,339 - DEBUG - logger.py:31 - Initialize FOVSim window gui successed!
2025-03-31 10:43:41,375 - DEBUG - logger.py:31 - Initialize FovSimController setting data...
2025-03-31 10:43:41,375 - DEBUG - logger.py:31 - Initialize FovSimController setting data...
2025-03-31 10:43:41,375 - DEBUG - logger.py:31 - Initialize FovSimController setting data...
2025-03-31 10:43:41,375 - DEBUG - logger.py:31 - Initialize FovSimController setting data...
2025-03-31 10:43:41,375 - DEBUG - logger.py:31 - Initialize FovSimController setting data...
2025-03-31 10:43:41,375 - DEBUG - logger.py:31 - Initialize FovSimController setting data...
2025-03-31 10:43:41,375 - DEBUG - logger.py:31 - Initialize FovSimController setting data...
2025-03-31 10:43:41,375 - DEBUG - logger.py:31 - Initialize FovSimController setting data...
2025-03-31 10:43:41,375 - DEBUG - logger.py:31 - Initialize FovSimController setting data...
2025-03-31 10:43:41,375 - DEBUG - logger.py:31 - Initialize FovSimController setting data...
2025-03-31 10:43:41,375 - DEBUG - logger.py:31 - Initialize FovSimController setting data...
2025-03-31 10:43:41,375 - DEBUG - logger.py:31 - Initialize FovSimController setting data...
2025-03-31 10:43:41,375 - DEBUG - logger.py:31 - Initialize FovSimController setting data...
2025-03-31 10:43:41,375 - DEBUG - logger.py:31 - Initialize FovSimController setting data...
2025-03-31 10:43:41,375 - DEBUG - logger.py:31 - Initialize FovSimController setting data...
2025-03-31 10:43:41,375 - DEBUG - logger.py:31 - Initialize FovSimController setting data...
2025-03-31 10:43:41,375 - DEBUG - logger.py:31 - Initialize FovSimController setting data...
2025-03-31 10:43:41,392 - DEBUG - logger.py:31 - Initialize FovSimController setting data successed!
2025-03-31 10:43:41,392 - DEBUG - logger.py:31 - Initialize FovSimController setting data successed!
2025-03-31 10:43:41,392 - DEBUG - logger.py:31 - Initialize FovSimController setting data successed!
2025-03-31 10:43:41,392 - DEBUG - logger.py:31 - Initialize FovSimController setting data successed!
2025-03-31 10:43:41,392 - DEBUG - logger.py:31 - Initialize FovSimController setting data successed!
2025-03-31 10:43:41,392 - DEBUG - logger.py:31 - Initialize FovSimController setting data successed!
2025-03-31 10:43:41,392 - DEBUG - logger.py:31 - Initialize FovSimController setting data successed!
2025-03-31 10:43:41,392 - DEBUG - logger.py:31 - Initialize FovSimController setting data successed!
2025-03-31 10:43:41,392 - DEBUG - logger.py:31 - Initialize FovSimController setting data successed!
2025-03-31 10:43:41,392 - DEBUG - logger.py:31 - Initialize FovSimController setting data successed!
2025-03-31 10:43:41,392 - DEBUG - logger.py:31 - Initialize FovSimController setting data successed!
2025-03-31 10:43:41,392 - DEBUG - logger.py:31 - Initialize FovSimController setting data successed!
2025-03-31 10:43:41,392 - DEBUG - logger.py:31 - Initialize FovSimController setting data successed!
2025-03-31 10:43:41,392 - DEBUG - logger.py:31 - Initialize FovSimController setting data successed!
2025-03-31 10:43:41,392 - DEBUG - logger.py:31 - Initialize FovSimController setting data successed!
2025-03-31 10:43:41,392 - DEBUG - logger.py:31 - Initialize FovSimController setting data successed!
2025-03-31 10:43:41,392 - DEBUG - logger.py:31 - Initialize FovSimController setting data successed!
2025-03-31 10:43:41,392 - DEBUG - logger.py:31 - Initialize FovSimController setting data successed!
2025-03-31 10:43:41,392 - DEBUG - logger.py:31 - Initialize FovSimController setting data successed!
2025-03-31 10:43:42,441 - DEBUG - logger.py:31 - Closing FOVSim window...
2025-03-31 10:43:42,441 - DEBUG - logger.py:31 - Closing FOVSim window...
2025-03-31 10:43:42,441 - DEBUG - logger.py:31 - Closing FOVSim window...
2025-03-31 10:43:42,441 - DEBUG - logger.py:31 - Closing FOVSim window...
2025-03-31 10:43:42,441 - DEBUG - logger.py:31 - Closing FOVSim window...
2025-03-31 10:43:42,441 - DEBUG - logger.py:31 - Closing FOVSim window...
2025-03-31 10:43:42,441 - DEBUG - logger.py:31 - Closing FOVSim window...
2025-03-31 10:43:42,441 - DEBUG - logger.py:31 - Closing FOVSim window...
2025-03-31 10:43:42,441 - DEBUG - logger.py:31 - Closing FOVSim window...
2025-03-31 10:43:42,441 - DEBUG - logger.py:31 - Closing FOVSim window...
2025-03-31 10:43:42,441 - DEBUG - logger.py:31 - Closing FOVSim window...
2025-03-31 10:43:42,441 - DEBUG - logger.py:31 - Closing FOVSim window...
2025-03-31 10:43:42,441 - DEBUG - logger.py:31 - Closing FOVSim window...
2025-03-31 10:43:42,441 - DEBUG - logger.py:31 - Closing FOVSim window...
2025-03-31 10:43:42,441 - DEBUG - logger.py:31 - Closing FOVSim window...
2025-03-31 10:43:42,441 - DEBUG - logger.py:31 - Closing FOVSim window...
2025-03-31 10:43:42,441 - DEBUG - logger.py:31 - Closing FOVSim window...
2025-03-31 10:43:42,441 - DEBUG - logger.py:31 - Closing FOVSim window...
2025-03-31 10:43:42,441 - DEBUG - logger.py:31 - Closing FOVSim window...
2025-03-31 10:43:42,441 - DEBUG - logger.py:31 - Closing FOVSim window...
2025-03-31 10:43:42,570 - INFO - logger.py:34 - FOVSim window closed!
2025-03-31 10:43:42,570 - INFO - logger.py:34 - FOVSim window closed!
2025-03-31 10:43:42,570 - INFO - logger.py:34 - FOVSim window closed!
2025-03-31 10:43:42,570 - INFO - logger.py:34 - FOVSim window closed!
2025-03-31 10:43:42,570 - INFO - logger.py:34 - FOVSim window closed!
2025-03-31 10:43:42,570 - INFO - logger.py:34 - FOVSim window closed!
2025-03-31 10:43:42,570 - INFO - logger.py:34 - FOVSim window closed!
2025-03-31 10:43:42,570 - INFO - logger.py:34 - FOVSim window closed!
2025-03-31 10:43:42,570 - INFO - logger.py:34 - FOVSim window closed!
2025-03-31 10:43:42,570 - INFO - logger.py:34 - FOVSim window closed!
2025-03-31 10:43:42,570 - INFO - logger.py:34 - FOVSim window closed!
2025-03-31 10:43:42,570 - INFO - logger.py:34 - FOVSim window closed!
2025-03-31 10:43:42,570 - INFO - logger.py:34 - FOVSim window closed!
2025-03-31 10:43:42,570 - INFO - logger.py:34 - FOVSim window closed!
2025-03-31 10:43:42,570 - INFO - logger.py:34 - FOVSim window closed!
2025-03-31 10:43:42,570 - INFO - logger.py:34 - FOVSim window closed!
2025-03-31 10:43:42,570 - INFO - logger.py:34 - FOVSim window closed!
2025-03-31 10:43:42,570 - INFO - logger.py:34 - FOVSim window closed!
2025-03-31 10:43:42,570 - INFO - logger.py:34 - FOVSim window closed!
2025-03-31 10:43:42,570 - INFO - logger.py:34 - FOVSim window closed!
2025-03-31 10:43:42,570 - INFO - logger.py:34 - FOVSim window closed!
2025-03-31 10:56:42,123 - DEBUG - logger.py:31 - Initialize FOVSim window gui...
2025-03-31 10:57:52,402 - DEBUG - logger.py:31 - Initialize FOVSim window gui...
2025-03-31 11:00:02,177 - DEBUG - logger.py:31 - Initialize FOVSim window gui...
2025-03-31 11:00:02,178 - DEBUG - logger.py:31 - Initialize FOVSim window gui successed!
2025-03-31 11:00:02,182 - DEBUG - logger.py:31 - Initialize FovSimController setting data...
2025-03-31 11:00:02,182 - DEBUG - logger.py:31 - Initialize FovSimController setting data...
2025-03-31 11:00:02,185 - DEBUG - logger.py:31 - Initialize FovSimController setting data successed!
2025-03-31 11:00:02,185 - DEBUG - logger.py:31 - Initialize FovSimController setting data successed!
2025-03-31 11:00:02,185 - DEBUG - logger.py:31 - Initialize FovSimController setting data successed!
2025-03-31 11:00:02,185 - DEBUG - logger.py:31 - Initialize FovSimController setting data successed!
2025-03-31 11:19:51,665 - DEBUG - logger.py:37 - FOVSim window initialized!
2025-03-31 11:19:55,953 - DEBUG - logger.py:37 - FOVSim window initialized!
2025-03-31 11:25:33,954 - DEBUG - logger.py:37 - FOVSim controller initialized!
2025-03-31 11:25:33,956 - DEBUG - logger.py:37 - FOVSim window initialized!
2025-03-31 11:25:37,383 - DEBUG - logger.py:37 - FOVSim controller initialized!
2025-03-31 11:25:37,384 - DEBUG - logger.py:37 - FOVSim window initialized!
2025-03-31 11:31:33,095 - DEBUG - logger.py:37 - FOVSim controller initialized!
2025-03-31 11:31:33,097 - DEBUG - logger.py:37 - FOVSim setting data initialized!
2025-03-31 11:31:33,099 - DEBUG - logger.py:37 - FOVSim window initialized!
2025-03-31 13:59:59,989 - DEBUG - logger.py:37 - FOVSim controller initialized!
2025-03-31 14:00:00,004 - DEBUG - logger.py:37 - FOVSim setting data initialized!
2025-03-31 14:00:00,006 - DEBUG - logger.py:37 - FOVSim window initialized!
2025-03-31 14:00:07,435 - DEBUG - logger.py:37 - Showing setting menu...
2025-03-31 14:04:37,969 - DEBUG - logger.py:37 - FOVSim controller initialized!
2025-03-31 14:04:37,976 - DEBUG - logger.py:37 - FOVSim setting data initialized!
2025-03-31 14:04:37,981 - DEBUG - logger.py:37 - FOVSim window initialized!
2025-03-31 14:04:39,553 - DEBUG - logger.py:37 - Showing setting menu...
2025-03-31 14:04:39,554 - DEBUG - logger.py:37 - Setting window setting data initialized!
2025-03-31 14:06:09,611 - DEBUG - logger.py:37 - FOVSim controller initialized!
2025-03-31 14:06:09,614 - DEBUG - logger.py:37 - FOVSim setting data initialized!
2025-03-31 14:06:09,620 - DEBUG - logger.py:37 - FOVSim window initialized!
2025-03-31 14:06:11,051 - DEBUG - logger.py:37 - Showing setting menu...
2025-03-31 14:06:11,053 - DEBUG - logger.py:37 - Setting window setting data initialized!
2025-03-31 14:09:41,698 - DEBUG - logger.py:37 - FOVSim controller initialized!
2025-03-31 14:09:41,700 - DEBUG - logger.py:37 - FOVSim setting data initialized!
2025-03-31 14:09:41,704 - DEBUG - logger.py:37 - FOVSim window initialized!
2025-03-31 14:09:42,815 - DEBUG - logger.py:37 - Showing setting menu...
2025-03-31 14:09:42,816 - DEBUG - logger.py:37 - Setting window setting data initialized!
2025-03-31 14:09:49,896 - DEBUG - logger.py:37 - FOVSim controller initialized!
2025-03-31 14:09:49,897 - DEBUG - logger.py:37 - FOVSim setting data initialized!
2025-03-31 14:09:49,905 - DEBUG - logger.py:37 - FOVSim window initialized!
2025-03-31 14:10:11,415 - DEBUG - logger.py:37 - FOVSim controller initialized!
2025-03-31 14:10:11,420 - DEBUG - logger.py:37 - FOVSim setting data initialized!
2025-03-31 14:10:11,428 - DEBUG - logger.py:37 - FOVSim window initialized!
2025-03-31 14:10:13,520 - DEBUG - logger.py:37 - Showing setting menu...
2025-03-31 14:10:13,524 - DEBUG - logger.py:37 - Setting window setting data initialized!
2025-03-31 14:11:34,446 - DEBUG - logger.py:37 - FOVSim controller initialized!
2025-03-31 14:11:34,450 - DEBUG - logger.py:37 - FOVSim setting data initialized!
2025-03-31 14:11:34,457 - DEBUG - logger.py:37 - FOVSim window initialized!
2025-03-31 14:11:35,425 - DEBUG - logger.py:37 - Showing setting menu...
2025-03-31 14:11:35,427 - DEBUG - logger.py:37 - Setting window setting data initialized!
2025-03-31 14:11:45,179 - DEBUG - logger.py:37 - Showing setting menu...
2025-03-31 14:11:45,180 - DEBUG - logger.py:37 - Setting window setting data initialized!
2025-03-31 14:11:45,181 - DEBUG - logger.py:37 - Setting window setting data loaded! data: {'camera position': [0.0, 0.0, 0.0]}
2025-03-31 14:11:49,168 - DEBUG - logger.py:37 - Showing setting menu...
2025-03-31 14:11:49,170 - DEBUG - logger.py:37 - Setting window setting data initialized!
2025-03-31 14:11:49,172 - DEBUG - logger.py:37 - Setting window setting data loaded! data: {'camera position': [0.0, 0.0, 0.0]}
2025-03-31 14:11:51,581 - DEBUG - logger.py:37 - FOVSim controller initialized!
2025-03-31 14:11:51,584 - DEBUG - logger.py:37 - FOVSim setting data initialized!
2025-03-31 14:11:51,585 - DEBUG - logger.py:37 - FOVSim window initialized!
2025-03-31 14:11:52,792 - DEBUG - logger.py:37 - Showing setting menu...
2025-03-31 14:11:52,793 - DEBUG - logger.py:37 - Setting window setting data initialized!
2025-03-31 14:11:52,794 - DEBUG - logger.py:37 - Setting window setting data loaded! data: {'camera position': [0.0, 0.0, 0.0]}
2025-03-31 14:21:21,845 - DEBUG - logger.py:37 - Setting window setting data loaded! data: {'camera position': [0.0, 0.0, 0.0]}
2025-03-31 14:31:42,537 - DEBUG - logger.py:37 - Setting window setting data loaded! data: {'camera position': [0.0, 0.0, 0.0]}
2025-03-31 14:32:48,939 - DEBUG - logger.py:37 - Setting window setting data loaded! data: {'camera position': [0.0, 0.0, 0.0]}
2025-03-31 14:32:53,510 - DEBUG - logger.py:37 - Setting window setting data loaded! data: {'camera position': [0.0, 0.0, 0.0]}
2025-03-31 14:33:03,152 - DEBUG - logger.py:37 - Setting window setting data loaded! data: {'camera position': ['123', '123', '123']}
2025-03-31 14:34:55,523 - DEBUG - logger.py:37 - Setting window setting data loaded! data: {'camera position': ['123', '123', '123']}
2025-03-31 14:35:01,442 - DEBUG - logger.py:37 - Setting window setting data loaded! data: {'camera position': ['123', '123', '123']}
2025-03-31 14:35:01,445 - DEBUG - logger.py:37 - Setting window setting data saved! data: {'camera position': [321.0, 123.0, 321.0]}
2025-03-31 16:53:56,475 - DEBUG - logger.py:37 - Setting window setting data loaded! data: {'camera position': [321.0, 123.0, 321.0]}
2025-04-02 13:35:53,227 - DEBUG - logger.py:37 - {'camera position': [321.0, 321.0, 123.0], 'distance cam carbody': 123.0}
2025-04-02 13:37:33,614 - INFO - logger.py:40 - User clicked menu-run.
2025-04-02 13:37:33,615 - DEBUG - logger.py:37 - {'camera position': [321.0, 321.0, 123.0], 'distance cam carbody': 123.0}
2025-04-02 13:38:07,353 - DEBUG - logger.py:37 - Done get regulation points. Points: [[4, -198.0], [4, -199.0], [30, -198.0], [30, -203.0]]
2025-04-02 14:01:07,045 - WARNING - logger.py:43 - The key distance cam ground is missing in the json file, the refresh process of these entrys is skipped.
2025-04-02 14:02:03,332 - WARNING - logger.py:43 - The key "distance cam ground" is missing in the json file, the refresh process of these entrys is skipped.
2025-04-02 14:03:52,707 - WARNING - logger.py:43 - The key "distance cam ground" is missing in the json file, the refresh process of these entrys is skipped.
2025-04-02 14:05:22,114 - INFO - logger.py:40 - Data saved to the json. Data: {'camera position': (321.0, 321.0, 123.0), 'distance cam carbody': 123.0, 'distance cam ground': 321.0}
2025-04-02 14:05:27,035 - INFO - logger.py:40 - Data saved to the json. Data: {'camera position': (321.0, 321.0, 123.0), 'distance cam carbody': 123.0, 'distance cam ground': 321.0}
2025-04-02 14:05:27,354 - INFO - logger.py:40 - Data saved to the json. Data: {'camera position': (321.0, 321.0, 123.0), 'distance cam carbody': 123.0, 'distance cam ground': 321.0}
2025-04-02 14:05:27,506 - INFO - logger.py:40 - Data saved to the json. Data: {'camera position': (321.0, 321.0, 123.0), 'distance cam carbody': 123.0, 'distance cam ground': 321.0}
2025-04-02 14:05:27,641 - INFO - logger.py:40 - Data saved to the json. Data: {'camera position': (321.0, 321.0, 123.0), 'distance cam carbody': 123.0, 'distance cam ground': 321.0}
2025-04-02 14:05:27,772 - INFO - logger.py:40 - Data saved to the json. Data: {'camera position': (321.0, 321.0, 123.0), 'distance cam carbody': 123.0, 'distance cam ground': 321.0}
2025-04-02 14:05:27,905 - INFO - logger.py:40 - Data saved to the json. Data: {'camera position': (321.0, 321.0, 123.0), 'distance cam carbody': 123.0, 'distance cam ground': 321.0}
2025-04-02 14:05:28,039 - INFO - logger.py:40 - Data saved to the json. Data: {'camera position': (321.0, 321.0, 123.0), 'distance cam carbody': 123.0, 'distance cam ground': 321.0}
2025-04-02 14:05:28,180 - INFO - logger.py:40 - Data saved to the json. Data: {'camera position': (321.0, 321.0, 123.0), 'distance cam carbody': 123.0, 'distance cam ground': 321.0}
2025-04-02 14:05:28,316 - INFO - logger.py:40 - Data saved to the json. Data: {'camera position': (321.0, 321.0, 123.0), 'distance cam carbody': 123.0, 'distance cam ground': 321.0}
2025-04-02 14:05:33,526 - INFO - logger.py:40 - User clicked menu-run.
2025-04-02 14:05:33,527 - DEBUG - logger.py:37 - {'camera position': [321.0, 321.0, 123.0], 'distance cam carbody': 123.0, 'distance cam ground': 321.0}
2025-04-02 14:08:15,871 - INFO - logger.py:40 - User clicked menu-run.
2025-04-02 14:08:15,873 - DEBUG - logger.py:37 - {'camera position': [321.0, 321.0, 123.0], 'distance cam carbody': 123.0, 'distance cam ground': 321.0}
2025-04-02 14:08:37,998 - INFO - logger.py:40 - User clicked menu-run.
2025-04-02 14:08:38,000 - DEBUG - logger.py:37 - {'camera position': [321.0, 321.0, 123.0], 'distance cam carbody': 123.0, 'distance cam ground': 321.0}
2025-04-02 14:08:55,107 - DEBUG - logger.py:37 - Done get regulation points. Points: [[4, -198.0, 123.0, -444.0], [4, -199.0, -444.0], [30, -198.0, -444.0], [30, -203.0, -444.0]]
2025-04-02 14:25:48,616 - INFO - logger.py:40 - User clicked menu-run.
2025-04-02 14:25:48,618 - DEBUG - logger.py:37 - {'camera position': [321.0, 321.0, 123.0], 'distance cam carbody': 123.0, 'distance cam ground': 321.0}
2025-04-02 14:25:48,619 - DEBUG - logger.py:37 - Done get regulation points. Points: [[4, -198.0, 123.0, -444.0], [4, -199.0, -444.0], [30, -198.0, -444.0], [30, -203.0, -444.0]]
2025-04-02 14:25:48,620 - DEBUG - logger.py:37 - Done gettingb regulation points' coordinates relative to camera. Data: [<ReturnCode.VALUE_ERROR: 2>, [-317.0, -520.0, -567.0], [-291.0, -519.0, -567.0], [-291.0, -524.0, -567.0]]
